0 silly argv { _: [ 'import' ],
0 silly argv   lernaVersion: '3.8.4',
0 silly argv   '$0': '/home/scott/.config/yarn/global/node_modules/.bin/lerna',
0 silly argv   dir: '../redux-persist' }
1 notice cli v3.8.4
2 verbose rootPath /home/scott/workspace/lerna-repo2
3 error Error: Command failed: git rev-parse HEAD
3 error fatal: ambiguous argument 'HEAD': unknown revision or path not in the working tree.
3 error Use '--' to separate paths from revisions, like this:
3 error 'git <command> [<revision>...] -- [<file>...]'
3 error
3 error HEAD
3 error
3 error     at makeError (/home/scott/.config/yarn/global/node_modules/execa/index.js:174:9)
3 error     at Function.module.exports.sync (/home/scott/.config/yarn/global/node_modules/execa/index.js:338:15)
3 error     at Object.execSync (/home/scott/.config/yarn/global/node_modules/@lerna/child-process/index.js:22:16)
3 error     at ImportCommand.getCurrentSHA (/home/scott/.config/yarn/global/node_modules/@lerna/import/index.js:129:34)
3 error     at ImportCommand.initialize (/home/scott/.config/yarn/global/node_modules/@lerna/import/index.js:98:31)
3 error     at Promise.resolve.then (/home/scott/.config/yarn/global/node_modules/@lerna/command/index.js:270:24)
3 error     at <anonymous>
